
=== ИНИЦИАЛИЗАЦИЯ МНОГОКАДРОВОГО ГРАФИЧЕСКОГО КОНВЕЙЕРА ===
Конфигурация: 2 VS, 2 PS, 2 TMU, 2 ROP
Будет выполнено кадров: 3, время на кадр: 5000 тактов
ClockGenerator: запущен
CPU: запущен
VertexFetcher 1: запущен
VertexFetcher 0: запущен

CPU: Подготовка кадра 1
VertexProcessor 0: запущен
VertexProcessor 1: запущен
PrimitiveAssembler: запущен
Rasterizer: запущен
TextureUnit 0: запущен
TextureUnit 1: запущен
PixelProcessor 0: запущен
PixelProcessor 1: запущен
ROP 0: запущен
ROP 1: запущен

=== СИМУЛЯЦИЯ НАЧАТА ===
FrameBuffer: запущен
CPU: Начало кадра 1
VF0: Начинает работу над кадром 1
FB: Начало записи кадра 1
CPU[кадр 1]: Отправлена вершина 0
VF0[кадр 1]: Чтение вершины 0
VF1: Начинает работу над кадром 1
CPU[кадр 1]: Отправлена вершина 1
VF1[кадр 1]: Чтение вершины 1
VP1: Переключение на кадр 1
VF0: Вершина 0 отправлена на обработку
VF1: Вершина 1 отправлена на обработку
VP0: Переключение на кадр 1
CPU[кадр 1]: Отправлена вершина 2
CPU[кадр 1]: Отправлена вершина 3
VP1[кадр 1]: Обработка вершины 0
VF1[кадр 1]: Чтение вершины 2
VP0[кадр 1]: Обработка вершины 1
VF0[кадр 1]: Чтение вершины 3
PA: Переключение на кадр 1
VP1: Вершина 0 обработана (x=20, y=15)
VF0: Вершина 3 отправлена на обработку
CPU[кадр 1]: Отправлена вершина 4
VP1[кадр 1]: Обработка вершины 3
VF0[кадр 1]: Чтение вершины 4
PA[кадр 1]: Вершина 0 добавлена в буфер (count=1)
VP0: Вершина 1 обработана (x=28, y=15)
VF1: Вершина 2 отправлена на обработку
CPU[кадр 1]: Отправлена вершина 5
PA[кадр 1]: Вершина 1 добавлена в буфер (count=2)
VF1[кадр 1]: Чтение вершины 5
VP0[кадр 1]: Обработка вершины 2
VP1: Вершина 3 обработана (x=44, y=15)
VF1: Вершина 5 отправлена на обработку
CPU[кадр 1]: Отправлена вершина 6
VP1[кадр 1]: Обработка вершины 5
PA[кадр 1]: Вершина 3 добавлена в буфер (count=3)
VF1[кадр 1]: Чтение вершины 6
Rast: Переключение на кадр 1
PA[кадр 1]: Треугольник 0 создан из вершин 0,1,3
Rast[кадр 1]: Растеризация треугольника 0
VP0: Вершина 2 обработана (x=36, y=15)
VF0: Вершина 4 отправлена на обработку
CPU[кадр 1]: Отправлена вершина 7
PA[кадр 1]: Вершина 2 добавлена в буфер (count=1)
VP0[кадр 1]: Обработка вершины 4
VF0[кадр 1]: Чтение вершины 7
VP1: Вершина 5 обработана (x=60, y=15)
PA[кадр 1]: Вершина 5 добавлена в буфер (count=2)
VF0: Вершина 7 отправлена на обработку
CPU[кадр 1]: Отправлена вершина 8
VP1[кадр 1]: Обработка вершины 7
VF0[кадр 1]: Чтение вершины 8
VP0: Вершина 4 обработана (x=52, y=15)
VF1: Вершина 6 отправлена на обработку
CPU[кадр 1]: Отправлена вершина 9
VP0[кадр 1]: Обработка вершины 6
PA[кадр 1]: Вершина 4 добавлена в буфер (count=3)
Rast: Создан фрагмент 0 для треугольника 0
TMU0: Переключение на кадр 1
TMU0[кадр 1]: Текстурирование фрагмента 0
VF1[кадр 1]: Чтение вершины 9
Rast: Создан фрагмент 1 для треугольника 0
TMU1: Переключение на кадр 1
TMU1[кадр 1]: Текстурирование фрагмента 1
PP1: Переключение на кадр 1
PP1[кадр 1]: Шейдирование фрагмента 1
PP0: Переключение на кадр 1
Rast: Создан фрагмент 2 для треугольника 0
TMU0[кадр 1]: Текстурирование фрагмента 2
Rast: Создан фрагмент 3 для треугольника 0
PP0[кадр 1]: Шейдирование фрагмента 0
PA[кадр 1]: Треугольник 1 создан из вершин 2,5,4
VP1: Вершина 7 обработана (x=76, y=15)
VF1: Вершина 9 отправлена на обработку
CPU[кадр 1]: Отправлена вершина 10
Rast[кадр 1]: Растеризация треугольника 1
VF1[кадр 1]: Чтение вершины 10
PA[кадр 1]: Вершина 7 добавлена в буфер (count=1)
TMU1[кадр 1]: Текстурирование фрагмента 3
VP1[кадр 1]: Обработка вершины 9
VP0: Вершина 6 обработана (x=68, y=15)
VF0: Вершина 8 отправлена на обработку
CPU[кадр 1]: Отправлена вершина 11
PA[кадр 1]: Вершина 6 добавлена в буфер (count=2)
VF0[кадр 1]: Чтение вершины 11
ROP1: Переключение на кадр 1, сброс Z-буфера
VP0[кадр 1]: Обработка вершины 8
ROP0: Переключение на кадр 1, сброс Z-буфера
PP0[кадр 1]: Шейдирование фрагмента 3
VP1: Вершина 9 обработана (x=92, y=15)
VF1: Вершина 10 отправлена на обработку
CPU[кадр 1]: Отправлена вершина 12
VP1[кадр 1]: Обработка вершины 10
PP1[кадр 1]: Шейдирование фрагмента 2
VF1[кадр 1]: Чтение вершины 12
Rast: Создан фрагмент 4 для треугольника 1
Rast: Создан фрагмент 5 для треугольника 1
TMU0[кадр 1]: Текстурирование фрагмента 4
PA[кадр 1]: Вершина 9 добавлена в буфер (count=3)
TMU1[кадр 1]: Текстурирование фрагмента 5
ClockGenerator: Такт 100, кадр 1, вершин: 9, треугольников: 2
ClockGenerator: Такт 200, кадр 1, вершин: 9, треугольников: 2
ClockGenerator: Такт 300, кадр 1, вершин: 9, треугольников: 2
ClockGenerator: Такт 400, кадр 1, вершин: 9, треугольников: 2
ROP1[кадр 1]: Обработка фрагмента 1
ROP1: Фрагмент 1 -> пиксель 0 (кадр 1)
Rast: Создан фрагмент 6 для треугольника 1
PP0[кадр 1]: Шейдирование фрагмента 4
ROP1[кадр 1]: Обработка фрагмента 0
FB[кадр 1]: Получен пиксель 0 (всего в кадре: 1)
ROP0[кадр 1]: Обработка фрагмента 3
ROP1: Фрагмент 0 -> пиксель 1 (кадр 1)
TMU0[кадр 1]: Текстурирование фрагмента 6
ROP0: Фрагмент 3 -> пиксель 2 (кадр 1)
FB[кадр 1]: Получен пиксель 1 (всего в кадре: 2)
Rast: Создан фрагмент 7 для треугольника 1
PA[кадр 1]: Треугольник 2 создан из вершин 7,6,9
VP1: Вершина 10 обработана (x=20, y=23)
FB[кадр 1]: Получен пиксель 2 (всего в кадре: 3)
Rast[кадр 1]: Растеризация треугольника 2
VF1: Вершина 12 отправлена на обработку
CPU[кадр 1]: Отправлена вершина 13
TMU1[кадр 1]: Текстурирование фрагмента 7
VF1[кадр 1]: Чтение вершины 13
PA[кадр 1]: Вершина 10 добавлена в буфер (count=1)
VP1[кадр 1]: Обработка вершины 12
VP0: Вершина 8 обработана (x=84, y=15)
VF0: Вершина 11 отправлена на обработку
CPU[кадр 1]: Отправлена вершина 14
PP1[кадр 1]: Шейдирование фрагмента 5
VF0[кадр 1]: Чтение вершины 14
ROP0[кадр 1]: Обработка фрагмента 2
VP0[кадр 1]: Обработка вершины 11
PA[кадр 1]: Вершина 8 добавлена в буфер (count=2)
ROP1[кадр 1]: Обработка фрагмента 5
PP1[кадр 1]: Шейдирование фрагмента 7
ROP0: Фрагмент 2 -> пиксель 3 (кадр 1)
Rast: Создан фрагмент 8 для треугольника 2
ROP0[кадр 1]: Обработка фрагмента 4
FB[кадр 1]: Получен пиксель 3 (всего в кадре: 4)
Rast: Создан фрагмент 9 для треугольника 2
TMU0[кадр 1]: Текстурирование фрагмента 8
VP1: Вершина 12 обработана (x=36, y=23)
VF1: Вершина 13 отправлена на обработку
CPU[кадр 1]: Отправлена вершина 15
TMU1[кадр 1]: Текстурирование фрагмента 9
VP1[кадр 1]: Обработка вершины 13
PA[кадр 1]: Вершина 12 добавлена в буфер (count=3)
VF1[кадр 1]: Чтение вершины 15
PP0[кадр 1]: Шейдирование фрагмента 6
ROP1: Фрагмент 5 -> пиксель 4 (кадр 1)
PP1[кадр 1]: Шейдирование фрагмента 9
FB[кадр 1]: Получен пиксель 4 (всего в кадре: 5)
ROP0: Фрагмент 4 -> пиксель 5 (кадр 1)
Rast: Создан фрагмент 10 для треугольника 2
Rast: Создан фрагмент 11 для треугольника 2
PA[кадр 1]: Треугольник 3 создан из вершин 10,8,12
VP0: Вершина 11 обработана (x=28, y=23)
VF1: Вершина 15 отправлена на обработку
CPU[кадр 1]: Отправлена вершина 16
Rast[кадр 1]: Растеризация треугольника 3
FB[кадр 1]: Получен пиксель 5 (всего в кадре: 6)
VP0[кадр 1]: Обработка вершины 15
VF1[кадр 1]: Чтение вершины 16
ROP0[кадр 1]: Обработка фрагмента 7
ROP1[кадр 1]: Обработка фрагмента 6
TMU1[кадр 1]: Текстурирование фрагмента 10
PP0[кадр 1]: Шейдирование фрагмента 8
ROP0: Фрагмент 7 -> пиксель 6 (кадр 1)
PA[кадр 1]: Вершина 11 добавлена в буфер (count=1)
TMU0[кадр 1]: Текстурирование фрагмента 11
ROP1: Фрагмент 6 -> пиксель 7 (кадр 1)
VP1: Вершина 13 обработана (x=44, y=23)
VF0: Вершина 14 отправлена на обработку
CPU[кадр 1]: Отправлена вершина 17
VF0[кадр 1]: Чтение вершины 17
VP1[кадр 1]: Обработка вершины 14
FB[кадр 1]: Получен пиксель 6 (всего в кадре: 7)
FB[кадр 1]: Получен пиксель 7 (всего в кадре: 8)
PA[кадр 1]: Вершина 13 добавлена в буфер (count=2)
VP1: Вершина 14 обработана (x=52, y=23)
VF1: Вершина 16 отправлена на обработку
CPU[кадр 1]: Отправлена вершина 18
VP1[кадр 1]: Обработка вершины 16
PA[кадр 1]: Вершина 14 добавлена в буфер (count=3)
VF1[кадр 1]: Чтение вершины 18
ROP0[кадр 1]: Обработка фрагмента 8
ROP1[кадр 1]: Обработка фрагмента 9
Rast: Создан фрагмент 12 для треугольника 3
TMU0[кадр 1]: Текстурирование фрагмента 12
Rast: Создан фрагмент 13 для треугольника 3
ROP1: Фрагмент 9 -> пиксель 8 (кадр 1)
PP1[кадр 1]: Шейдирование фрагмента 10
PP0[кадр 1]: Шейдирование фрагмента 11
FB[кадр 1]: Получен пиксель 8 (всего в кадре: 9)
ROP0: Фрагмент 8 -> пиксель 9 (кадр 1)
TMU1[кадр 1]: Текстурирование фрагмента 13
FB[кадр 1]: Получен пиксель 9 (всего в кадре: 10)
Rast: Создан фрагмент 14 для треугольника 3
PP0[кадр 1]: Шейдирование фрагмента 12
TMU0[кадр 1]: Текстурирование фрагмента 14
ROP1[кадр 1]: Обработка фрагмента 11
ROP0[кадр 1]: Обработка фрагмента 10
Rast: Создан фрагмент 15 для треугольника 3
PA[кадр 1]: Треугольник 4 создан из вершин 11,13,14
VP1: Вершина 16 обработана (x=68, y=23)
VF1: Вершина 18 отправлена на обработку
CPU[кадр 1]: Отправлена вершина 19
ROP0: Фрагмент 10 -> пиксель 10 (кадр 1)
ROP1: Фрагмент 11 -> пиксель 11 (кадр 1)
PP1[кадр 1]: Шейдирование фрагмента 13
TMU1[кадр 1]: Текстурирование фрагмента 15
PA[кадр 1]: Вершина 16 добавлена в буфер (count=1)
Rast[кадр 1]: Растеризация треугольника 4
VP0: Вершина 15 обработана (x=60, y=23)
VF0: Вершина 17 отправлена на обработку
CPU[кадр 1]: Отправлена вершина 20
VP0[кадр 1]: Обработка вершины 18
PA[кадр 1]: Вершина 15 добавлена в буфер (count=2)
FB[кадр 1]: Получен пиксель 10 (всего в кадре: 11)
VP1[кадр 1]: Обработка вершины 17
VF1[кадр 1]: Чтение вершины 19
PP0[кадр 1]: Шейдирование фрагмента 14
ROP0[кадр 1]: Обработка фрагмента 12
VF0[кадр 1]: Чтение вершины 20
FB[кадр 1]: Получен пиксель 11 (всего в кадре: 12)
VP1: Вершина 17 обработана (x=76, y=23)
VF1: Вершина 19 отправлена на обработку
CPU[кадр 1]: Отправлена вершина 21
PP1[кадр 1]: Шейдирование фрагмента 15
ROP1[кадр 1]: Обработка фрагмента 13
ROP0: Фрагмент 12 -> пиксель 12 (кадр 1)
PA[кадр 1]: Вершина 17 добавлена в буфер (count=3)
Rast: Создан фрагмент 16 для треугольника 4
Rast: Создан фрагмент 17 для треугольника 4
VP1[кадр 1]: Обработка вершины 19
FB[кадр 1]: Получен пиксель 12 (всего в кадре: 13)
TMU0[кадр 1]: Текстурирование фрагмента 16
ROP0[кадр 1]: Обработка фрагмента 14
TMU1[кадр 1]: Текстурирование фрагмента 17
VF1[кадр 1]: Чтение вершины 21
ROP1: Фрагмент 13 -> пиксель 13 (кадр 1)
FB[кадр 1]: Получен пиксель 13 (всего в кадре: 14)
ROP0: Фрагмент 14 -> пиксель 14 (кадр 1)
FB[кадр 1]: Получен пиксель 14 (всего в кадре: 15)
Rast: Создан фрагмент 18 для треугольника 4
TMU0[кадр 1]: Текстурирование фрагмента 18
Rast: Создан фрагмент 19 для треугольника 4
ClockGenerator: Такт 500, кадр 1, вершин: 18, треугольников: 5
PA[кадр 1]: Треугольник 5 создан из вершин 16,15,17
TMU1[кадр 1]: Текстурирование фрагмента 19
PP1[кадр 1]: Шейдирование фрагмента 16
VP1: Вершина 19 обработана (x=92, y=23)
Rast[кадр 1]: Растеризация треугольника 5
VF1: Вершина 21 отправлена на обработку
CPU[кадр 1]: Отправлена вершина 22
PP0[кадр 1]: Шейдирование фрагмента 17
PA[кадр 1]: Вершина 19 добавлена в буфер (count=1)
VP0: Вершина 18 обработана (x=84, y=23)
VF0: Вершина 20 отправлена на обработку
CPU[кадр 1]: Отправлена вершина 23
VP1[кадр 1]: Обработка вершины 21
VF0[кадр 1]: Чтение вершины 22
VP0[кадр 1]: Обработка вершины 20
VF1[кадр 1]: Чтение вершины 23
ROP1[кадр 1]: Обработка фрагмента 15
PA[кадр 1]: Вершина 18 добавлена в буфер (count=2)
VP1: Вершина 21 обработана (x=28, y=31)
VF1: Вершина 23 отправлена на обработку
CPU[кадр 1]: Отправлена вершина 24
PA[кадр 1]: Вершина 21 добавлена в буфер (count=3)
PP1[кадр 1]: Шейдирование фрагмента 19
VP1[кадр 1]: Обработка вершины 23
ROP0[кадр 1]: Обработка фрагмента 16
ROP1: Фрагмент 15 -> пиксель 15 (кадр 1)
Rast: Создан фрагмент 20 для треугольника 5
Rast: Создан фрагмент 21 для треугольника 5
ROP1[кадр 1]: Обработка фрагмента 17
PP0[кадр 1]: Шейдирование фрагмента 18
TMU0[кадр 1]: Текстурирование фрагмента 20
FB[кадр 1]: Получен пиксель 15 (всего в кадре: 16)
VF1[кадр 1]: Чтение вершины 24
TMU1[кадр 1]: Текстурирование фрагмента 21
ROP1: Фрагмент 17 -> пиксель 16 (кадр 1)
ROP1[кадр 1]: Обработка фрагмента 19
ROP0: Фрагмент 16 -> пиксель 17 (кадр 1)
FB[кадр 1]: Получен пиксель 16 (всего в кадре: 17)
ROP1: Фрагмент 19 -> пиксель 18 (кадр 1)
Rast: Создан фрагмент 22 для треугольника 5
Rast: Создан фрагмент 23 для треугольника 5
PA[кадр 1]: Треугольник 6 создан из вершин 19,18,21
TMU0[кадр 1]: Текстурирование фрагмента 22
TMU1[кадр 1]: Текстурирование фрагмента 23
VP1: Вершина 23 обработана (x=44, y=31)
VF0: Вершина 22 отправлена на обработку
CPU[кадр 1]: Отправлена вершина 25
VF0[кадр 1]: Чтение вершины 25
VP1[кадр 1]: Обработка вершины 22
FB[кадр 1]: Получен пиксель 17 (всего в кадре: 18)
PA[кадр 1]: Вершина 23 добавлена в буфер (count=1)
PP0[кадр 1]: Шейдирование фрагмента 21
VP0: Вершина 20 обработана (x=20, y=31)
ROP0[кадр 1]: Обработка фрагмента 18
PP1[кадр 1]: Шейдирование фрагмента 20
FB[кадр 1]: Получен пиксель 18 (всего в кадре: 19)
VF0: Вершина 25 отправлена на обработку
CPU[кадр 1]: Отправлена вершина 26
VP0[кадр 1]: Обработка вершины 25
Rast[кадр 1]: Растеризация треугольника 6
VF0[кадр 1]: Чтение вершины 26
ROP1[кадр 1]: Обработка фрагмента 21
PA[кадр 1]: Вершина 20 добавлена в буфер (count=2)
VP1: Вершина 22 обработана (x=36, y=31)
ROP0: Фрагмент 18 -> пиксель 19 (кадр 1)
VF1: Вершина 24 отправлена на обработку
CPU[кадр 1]: Отправлена вершина 27
ROP0[кадр 1]: Обработка фрагмента 20
VP1[кадр 1]: Обработка вершины 24
FB[кадр 1]: Получен пиксель 19 (всего в кадре: 20)
PP0[кадр 1]: Шейдирование фрагмента 22
PP1[кадр 1]: Шейдирование фрагмента 23
VF1[кадр 1]: Чтение вершины 27
PA[кадр 1]: Вершина 22 добавлена в буфер (count=3)
ROP1: Фрагмент 21 -> пиксель 20 (кадр 1)
FB[кадр 1]: Получен пиксель 20 (всего в кадре: 21)
ROP0: Фрагмент 20 -> пиксель 21 (кадр 1)
FB[кадр 1]: Получен пиксель 21 (всего в кадре: 22)
Rast: Создан фрагмент 24 для треугольника 6
Rast: Создан фрагмент 25 для треугольника 6
TMU0[кадр 1]: Текстурирование фрагмента 24
TMU1[кадр 1]: Текстурирование фрагмента 25
ROP1[кадр 1]: Обработка фрагмента 23
Rast: Создан фрагмент 26 для треугольника 6
PP0[кадр 1]: Шейдирование фрагмента 24
ROP0[кадр 1]: Обработка фрагмента 22
Rast: Создан фрагмент 27 для треугольника 6
PA[кадр 1]: Треугольник 7 создан из вершин 23,20,22
VP1: Вершина 24 обработана (x=52, y=31)
VF1: Вершина 27 отправлена на обработку
CPU[кадр 1]: Отправлена вершина 28
TMU0[кадр 1]: Текстурирование фрагмента 27
TMU1[кадр 1]: Текстурирование фрагмента 26
PA[кадр 1]: Вершина 24 добавлена в буфер (count=1)
ROP1: Фрагмент 23 -> пиксель 22 (кадр 1)
VP0: Вершина 25 обработана (x=60, y=31)
VF0: Вершина 26 отправлена на обработку
CPU[кадр 1]: Отправлена вершина 29
CPU: Все 30 вершин отправлены для кадра 1
VP1[кадр 1]: Обработка вершины 27
VP0[кадр 1]: Обработка вершины 26
PP1[кадр 1]: Шейдирование фрагмента 25
PA[кадр 1]: Вершина 25 добавлена в буфер (count=2)
VF1[кадр 1]: Чтение вершины 28
Rast[кадр 1]: Растеризация треугольника 7
FB[кадр 1]: Получен пиксель 22 (всего в кадре: 23)
ROP0: Фрагмент 22 -> пиксель 23 (кадр 1)
FB[кадр 1]: Получен пиксель 23 (всего в кадре: 24)
PP0[кадр 1]: Шейдирование фрагмента 26
ROP0[кадр 1]: Обработка фрагмента 24
VP0: Вершина 26 обработана (x=68, y=31)
VF1: Вершина 28 отправлена на обработку
VP0[кадр 1]: Обработка вершины 28
PA[кадр 1]: Вершина 26 добавлена в буфер (count=3)
VF0[кадр 1]: Чтение вершины 29
PP1[кадр 1]: Шейдирование фрагмента 27
Rast: Создан фрагмент 28 для треугольника 7
Rast: Создан фрагмент 29 для треугольника 7
TMU0[кадр 1]: Текстурирование фрагмента 28
TMU1[кадр 1]: Текстурирование фрагмента 29
ROP0: Фрагмент 24 -> пиксель 24 (кадр 1)
FB[кадр 1]: Получен пиксель 24 (всего в кадре: 25)
ROP0[кадр 1]: Обработка фрагмента 25
ROP1[кадр 1]: Обработка фрагмента 26
Rast: Создан фрагмент 30 для треугольника 7
PP0[кадр 1]: Шейдирование фрагмента 28
TMU0[кадр 1]: Текстурирование фрагмента 30
ROP0: Фрагмент 25 -> пиксель 25 (кадр 1)
FB[кадр 1]: Получен пиксель 25 (всего в кадре: 26)
ROP1: Фрагмент 26 -> пиксель 26 (кадр 1)
Rast: Создан фрагмент 31 для треугольника 7
PA[кадр 1]: Треугольник 8 создан из вершин 24,25,26
VP1: Вершина 27 обработана (x=76, y=31)
FB[кадр 1]: Получен пиксель 26 (всего в кадре: 27)
ROP1[кадр 1]: Обработка фрагмента 27
VF0: Вершина 29 отправлена на обработку
PA[кадр 1]: Вершина 27 добавлена в буфер (count=1)
VP0: Вершина 28 обработана (x=84, y=31)
VP1[кадр 1]: Обработка вершины 29
ROP1: Фрагмент 27 -> пиксель 27 (кадр 1)
PP1[кадр 1]: Шейдирование фрагмента 29
Rast[кадр 1]: Растеризация треугольника 8
PA[кадр 1]: Вершина 28 добавлена в буфер (count=2)
FB[кадр 1]: Получен пиксель 27 (всего в кадре: 28)
VP1: Вершина 29 обработана (x=92, y=31)
PA[кадр 1]: Вершина 29 добавлена в буфер (count=3)
ROP0[кадр 1]: Обработка фрагмента 28
TMU1[кадр 1]: Текстурирование фрагмента 31
PP0[кадр 1]: Шейдирование фрагмента 30
ROP1[кадр 1]: Обработка фрагмента 29
Rast: Создан фрагмент 32 для треугольника 8
Rast: Создан фрагмент 33 для треугольника 8
ROP1: Фрагмент 29 -> пиксель 28 (кадр 1)
TMU0[кадр 1]: Текстурирование фрагмента 32
TMU1[кадр 1]: Текстурирование фрагмента 33
FB[кадр 1]: Получен пиксель 28 (всего в кадре: 29)
ROP0: Фрагмент 28 -> пиксель 29 (кадр 1)
ROP0[кадр 1]: Обработка фрагмента 30
PP1[кадр 1]: Шейдирование фрагмента 31
FB[кадр 1]: Получен пиксель 29 (всего в кадре: 30)
FB: Кадр 1 завершен, пикселей: 30
CPU: Кадр 1 успешно завершен
Rast: Создан фрагмент 34 для треугольника 8
ROP0: Фрагмент 30 -> пиксель 0 (кадр 1)

CPU: Подготовка кадра 2
ClockGenerator: Такт 600, кадр 1, вершин: 0, треугольников: 0
CPU: Начало кадра 2
PP0: Переключение на кадр 2
PP1: Переключение на кадр 2
FB: Начало записи кадра 2
TMU0: Переключение на кадр 2
CPU[кадр 2]: Отправлена вершина 0
ROP1: Переключение на кадр 2, сброс Z-буфера
PP0[кадр 2]: Шейдирование фрагмента 32
VF1: Начинает работу над кадром 2
VF0: Начинает работу над кадром 2
CPU[кадр 2]: Отправлена вершина 1
CPU[кадр 2]: Отправлена вершина 2
FB[кадр 2]: Получен пиксель 0 (всего в кадре: 1)
CPU[кадр 2]: Отправлена вершина 3
VF1[кадр 2]: Чтение вершины 0
TMU0[кадр 2]: Текстурирование фрагмента 34
VF0[кадр 2]: Чтение вершины 1
PP1[кадр 2]: Шейдирование фрагмента 33
VF0: Вершина 1 отправлена на обработку
VP1: Переключение на кадр 2
CPU[кадр 2]: Отправлена вершина 4
VF1: Вершина 0 отправлена на обработку
VP0: Переключение на кадр 2
CPU[кадр 2]: Отправлена вершина 5
Rast: Создан фрагмент 0 для треугольника 8
ROP0: Переключение на кадр 2, сброс Z-буфера
Rast: Переключение на кадр 2
PA[кадр 2]: Треугольник 9 создан из вершин 27,28,29
VF0[кадр 2]: Чтение вершины 2
VP0[кадр 2]: Обработка вершины 1
PP0[кадр 2]: Шейдирование фрагмента 34
Rast[кадр 2]: Растеризация треугольника 9
VP1[кадр 2]: Обработка вершины 0
TMU0[кадр 2]: Текстурирование фрагмента 0
VF1[кадр 2]: Чтение вершины 3
PA: Переключение на кадр 2
VP0: Вершина 1 обработана (x=28, y=15)
VF0: Вершина 2 отправлена на обработку
CPU[кадр 2]: Отправлена вершина 6
VP0[кадр 2]: Обработка вершины 2
VF0[кадр 2]: Чтение вершины 4
PA[кадр 2]: Вершина 1 добавлена в буфер (count=1)
TMU1: Переключение на кадр 2
Rast: Создан фрагмент 1 для треугольника 9
TMU1[кадр 2]: Текстурирование фрагмента 1
VP1: Вершина 0 обработана (x=20, y=15)
VF1: Вершина 3 отправлена на обработку
CPU[кадр 2]: Отправлена вершина 7
PA[кадр 2]: Вершина 0 добавлена в буфер (count=2)
VP1[кадр 2]: Обработка вершины 3
VF1[кадр 2]: Чтение вершины 5
VP0: Вершина 2 обработана (x=36, y=15)
VF1: Вершина 5 отправлена на обработку
CPU[кадр 2]: Отправлена вершина 8
VF1[кадр 2]: Чтение вершины 6
PA[кадр 2]: Вершина 2 добавлена в буфер (count=3)
VP0[кадр 2]: Обработка вершины 5
ClockGenerator: Такт 700, кадр 2, вершин: 3, треугольников: 1
ClockGenerator: Такт 800, кадр 2, вершин: 3, треугольников: 1
ClockGenerator: Такт 900, кадр 2, вершин: 3, треугольников: 1
ROP1[кадр 2]: Обработка фрагмента 31
ROP1: Фрагмент 31 -> пиксель 1 (кадр 2)
ROP1[кадр 2]: Обработка фрагмента 32
PP1[кадр 2]: Шейдирование фрагмента 1
FB[кадр 2]: Получен пиксель 1 (всего в кадре: 2)
ROP1: Фрагмент 32 -> пиксель 2 (кадр 2)
FB[кадр 2]: Получен пиксель 2 (всего в кадре: 3)
ROP0[кадр 2]: Обработка фрагмента 33
ROP1[кадр 2]: Обработка фрагмента 1
ROP1: Фрагмент 1 -> пиксель 3 (кадр 2)
ROP0: Фрагмент 33 -> пиксель 4 (кадр 2)
Rast: Создан фрагмент 2 для треугольника 9
ClockGenerator: Такт 1000, кадр 2, вершин: 3, треугольников: 1
Rast: Создан фрагмент 3 для треугольника 9
PP0[кадр 2]: Шейдирование фрагмента 0
TMU0[кадр 2]: Текстурирование фрагмента 2
TMU1[кадр 2]: Текстурирование фрагмента 3
ROP0[кадр 2]: Обработка фрагмента 34
FB[кадр 2]: Получен пиксель 3 (всего в кадре: 4)
FB[кадр 2]: Получен пиксель 4 (всего в кадре: 5)
PP1[кадр 2]: Шейдирование фрагмента 3
ROP0: Фрагмент 34 -> пиксель 5 (кадр 2)
Rast: Создан фрагмент 4 для треугольника 9
PA[кадр 2]: Треугольник 0 создан из вершин 1,0,2
Rast[кадр 2]: Растеризация треугольника 0
VP0: Вершина 5 обработана (x=60, y=15)
VF0: Вершина 4 отправлена на обработку
CPU[кадр 2]: Отправлена вершина 9
PA[кадр 2]: Вершина 5 добавлена в буфер (count=1)
VP0[кадр 2]: Обработка вершины 4
TMU0[кадр 2]: Текстурирование фрагмента 4
FB[кадр 2]: Получен пиксель 5 (всего в кадре: 6)
VP1: Вершина 3 обработана (x=44, y=15)
VF1: Вершина 6 отправлена на обработку
CPU[кадр 2]: Отправлена вершина 10
ROP0[кадр 2]: Обработка фрагмента 0
PA[кадр 2]: Вершина 3 добавлена в буфер (count=2)
VP1[кадр 2]: Обработка вершины 6
VF0[кадр 2]: Чтение вершины 7
VF1[кадр 2]: Чтение вершины 8
PP0[кадр 2]: Шейдирование фрагмента 2
ROP1[кадр 2]: Обработка фрагмента 3
VP0: Вершина 4 обработана (x=52, y=15)
ROP0: Фрагмент 0 -> пиксель 6 (кадр 2)
PP0[кадр 2]: Шейдирование фрагмента 4
ROP0[кадр 2]: Обработка фрагмента 2
FB[кадр 2]: Получен пиксель 6 (всего в кадре: 7)
VF0: Вершина 7 отправлена на обработку
CPU[кадр 2]: Отправлена вершина 11
VP0[кадр 2]: Обработка вершины 7
PA[кадр 2]: Вершина 4 добавлена в буфер (count=3)
VF0[кадр 2]: Чтение вершины 9
ROP0: Фрагмент 2 -> пиксель 7 (кадр 2)
ROP1: Фрагмент 3 -> пиксель 8 (кадр 2)
FB[кадр 2]: Получен пиксель 7 (всего в кадре: 8)
Rast: Создан фрагмент 5 для треугольника 0
ROP0[кадр 2]: Обработка фрагмента 4
Rast: Создан фрагмент 6 для треугольника 0
TMU1[кадр 2]: Текстурирование фрагмента 5
TMU0[кадр 2]: Текстурирование фрагмента 6
FB[кадр 2]: Получен пиксель 8 (всего в кадре: 9)
ROP0: Фрагмент 4 -> пиксель 9 (кадр 2)
FB[кадр 2]: Получен пиксель 9 (всего в кадре: 10)
Rast: Создан фрагмент 7 для треугольника 0
PP1[кадр 2]: Шейдирование фрагмента 5
Rast: Создан фрагмент 8 для треугольника 0
PA[кадр 2]: Треугольник 1 создан из вершин 5,3,4
VP1: Вершина 6 обработана (x=68, y=15)
VF1: Вершина 8 отправлена на обработку
CPU[кадр 2]: Отправлена вершина 12
VP1[кадр 2]: Обработка вершины 8
TMU1[кадр 2]: Текстурирование фрагмента 7
Rast[кадр 2]: Растеризация треугольника 1
PP0[кадр 2]: Шейдирование фрагмента 6
VF1[кадр 2]: Чтение вершины 10
PA[кадр 2]: Вершина 6 добавлена в буфер (count=1)
VP0: Вершина 7 обработана (x=76, y=15)
VF0: Вершина 9 отправлена на обработку
CPU[кадр 2]: Отправлена вершина 13
VF0[кадр 2]: Чтение вершины 11
PA[кадр 2]: Вершина 7 добавлена в буфер (count=2)
VP1: Вершина 8 обработана (x=84, y=15)
VP0[кадр 2]: Обработка вершины 9
VF1: Вершина 10 отправлена на обработку
CPU[кадр 2]: Отправлена вершина 14
VF1[кадр 2]: Чтение вершины 12
TMU0[кадр 2]: Текстурирование фрагмента 8
VP1[кадр 2]: Обработка вершины 10
PA[кадр 2]: Вершина 8 добавлена в буфер (count=3)
ROP1[кадр 2]: Обработка фрагмента 6
ROP0[кадр 2]: Обработка фрагмента 5
Rast: Создан фрагмент 9 для треугольника 1
PP1[кадр 2]: Шейдирование фрагмента 7
Rast: Создан фрагмент 10 для треугольника 1
PP0[кадр 2]: Шейдирование фрагмента 8
TMU1[кадр 2]: Текстурирование фрагмента 9
ROP0: Фрагмент 5 -> пиксель 10 (кадр 2)
FB[кадр 2]: Получен пиксель 10 (всего в кадре: 11)
ROP1: Фрагмент 6 -> пиксель 11 (кадр 2)
TMU0[кадр 2]: Текстурирование фрагмента 10
ROP0[кадр 2]: Обработка фрагмента 8
Rast: Создан фрагмент 11 для треугольника 1
ROP1[кадр 2]: Обработка фрагмента 7
TMU1[кадр 2]: Текстурирование фрагмента 11
PP1[кадр 2]: Шейдирование фрагмента 9
FB[кадр 2]: Получен пиксель 11 (всего в кадре: 12)
ROP0: Фрагмент 8 -> пиксель 12 (кадр 2)
FB[кадр 2]: Получен пиксель 12 (всего в кадре: 13)
Rast: Создан фрагмент 12 для треугольника 1
PA[кадр 2]: Треугольник 2 создан из вершин 6,7,8
TMU0[кадр 2]: Текстурирование фрагмента 12
VP1: Вершина 10 обработана (x=20, y=23)
VF1: Вершина 12 отправлена на обработку
Rast[кадр 2]: Растеризация треугольника 2
CPU[кадр 2]: Отправлена вершина 15
PP0[кадр 2]: Шейдирование фрагмента 10
ROP1: Фрагмент 7 -> пиксель 13 (кадр 2)
VF1[кадр 2]: Чтение вершины 13
FB[кадр 2]: Получен пиксель 13 (всего в кадре: 14)
VP1[кадр 2]: Обработка вершины 12
ROP0[кадр 2]: Обработка фрагмента 10
PP0[кадр 2]: Шейдирование фрагмента 12
ROP0: Фрагмент 10 -> пиксель 14 (кадр 2)
Rast: Создан фрагмент 13 для треугольника 2
Rast: Создан фрагмент 14 для треугольника 2
ROP1[кадр 2]: Обработка фрагмента 9
TMU1[кадр 2]: Текстурирование фрагмента 13
PP1[кадр 2]: Шейдирование фрагмента 11
FB[кадр 2]: Получен пиксель 14 (всего в кадре: 15)
TMU0[кадр 2]: Текстурирование фрагмента 14
PA[кадр 2]: Вершина 10 добавлена в буфер (count=1)
VP1: Вершина 12 обработана (x=36, y=23)
ROP1: Фрагмент 9 -> пиксель 15 (кадр 2)
VF1: Вершина 13 отправлена на обработку
CPU[кадр 2]: Отправлена вершина 16
VP1[кадр 2]: Обработка вершины 13
FB[кадр 2]: Получен пиксель 15 (всего в кадре: 16)
PA[кадр 2]: Вершина 12 добавлена в буфер (count=2)
VP0: Вершина 9 обработана (x=92, y=15)
Rast: Создан фрагмент 15 для треугольника 2
VF0: Вершина 11 отправлена на обработку
CPU[кадр 2]: Отправлена вершина 17
ROP1[кадр 2]: Обработка фрагмента 11
PA[кадр 2]: Вершина 9 добавлена в буфер (count=3)
VF1[кадр 2]: Чтение вершины 14
PP1[кадр 2]: Шейдирование фрагмента 13
TMU1[кадр 2]: Текстурирование фрагмента 15
Rast: Создан фрагмент 16 для треугольника 2
PA[кадр 2]: Треугольник 3 создан из вершин 10,12,9
TMU0[кадр 2]: Текстурирование фрагмента 16
PP0[кадр 2]: Шейдирование фрагмента 14
Rast[кадр 2]: Растеризация треугольника 3
VF0[кадр 2]: Чтение вершины 15
ROP0[кадр 2]: Обработка фрагмента 12
VP0[кадр 2]: Обработка вершины 11
ROP1: Фрагмент 11 -> пиксель 16 (кадр 2)
VP1: Вершина 13 обработана (x=44, y=23)
VF1: Вершина 14 отправлена на обработку
CPU[кадр 2]: Отправлена вершина 18
ROP1[кадр 2]: Обработка фрагмента 13
VP1[кадр 2]: Обработка вершины 14
VF1[кадр 2]: Чтение вершины 16
FB[кадр 2]: Получен пиксель 16 (всего в кадре: 17)
ROP0: Фрагмент 12 -> пиксель 17 (кадр 2)
PA[кадр 2]: Вершина 13 добавлена в буфер (count=1)
PP1[кадр 2]: Шейдирование фрагмента 15
FB[кадр 2]: Получен пиксель 17 (всего в кадре: 18)
Rast: Создан фрагмент 17 для треугольника 3
TMU1[кадр 2]: Текстурирование фрагмента 17
VP1: Вершина 14 обработана (x=52, y=23)
ROP1: Фрагмент 13 -> пиксель 18 (кадр 2)
VF0: Вершина 15 отправлена на обработку
CPU[кадр 2]: Отправлена вершина 19
VP1[кадр 2]: Обработка вершины 15
PA[кадр 2]: Вершина 14 добавлена в буфер (count=2)
FB[кадр 2]: Получен пиксель 18 (всего в кадре: 19)
VF0[кадр 2]: Чтение вершины 17
VP0: Вершина 11 обработана (x=28, y=23)
VF1: Вершина 16 отправлена на обработку
CPU[кадр 2]: Отправлена вершина 20
VF1[кадр 2]: Чтение вершины 18
VP0[кадр 2]: Обработка вершины 16
PA[кадр 2]: Вершина 11 добавлена в буфер (count=3)
Rast: Создан фрагмент 18 для треугольника 3
Rast: Создан фрагмент 19 для треугольника 3
PP1[кадр 2]: Шейдирование фрагмента 17
PP0[кадр 2]: Шейдирование фрагмента 16
ROP1[кадр 2]: Обработка фрагмента 15
TMU0[кадр 2]: Текстурирование фрагмента 18
TMU1[кадр 2]: Текстурирование фрагмента 19
ROP0[кадр 2]: Обработка фрагмента 14
ROP1: Фрагмент 15 -> пиксель 19 (кадр 2)
ROP1[кадр 2]: Обработка фрагмента 17
FB[кадр 2]: Получен пиксель 19 (всего в кадре: 20)
PP1[кадр 2]: Шейдирование фрагмента 19
ROP0: Фрагмент 14 -> пиксель 20 (кадр 2)
Rast: Создан фрагмент 20 для треугольника 3
PA[кадр 2]: Треугольник 4 создан из вершин 13,14,11
VP1: Вершина 15 обработана (x=60, y=23)
VF1: Вершина 18 отправлена на обработку
CPU[кадр 2]: Отправлена вершина 21
VP1[кадр 2]: Обработка вершины 18
PA[кадр 2]: Вершина 15 добавлена в буфер (count=1)
ROP1: Фрагмент 17 -> пиксель 21 (кадр 2)
VP0: Вершина 16 обработана (x=68, y=23)
VF0: Вершина 17 отправлена на обработку
CPU[кадр 2]: Отправлена вершина 22
PA[кадр 2]: Вершина 16 добавлена в буфер (count=2)
VF1[кадр 2]: Чтение вершины 19
TMU0[кадр 2]: Текстурирование фрагмента 20
Rast[кадр 2]: Растеризация треугольника 4
VP0[кадр 2]: Обработка вершины 17
ROP0[кадр 2]: Обработка фрагмента 16
FB[кадр 2]: Получен пиксель 20 (всего в кадре: 21)
VF0[кадр 2]: Чтение вершины 20
PP0[кадр 2]: Шейдирование фрагмента 18
VP1: Вершина 18 обработана (x=84, y=23)
FB[кадр 2]: Получен пиксель 21 (всего в кадре: 22)
ROP0: Фрагмент 16 -> пиксель 22 (кадр 2)
ROP1[кадр 2]: Обработка фрагмента 19
PA[кадр 2]: Вершина 18 добавлена в буфер (count=3)
PP0[кадр 2]: Шейдирование фрагмента 20
ROP0[кадр 2]: Обработка фрагмента 18
FB[кадр 2]: Получен пиксель 22 (всего в кадре: 23)
VF1: Вершина 19 отправлена на обработку
CPU[кадр 2]: Отправлена вершина 23
ROP1: Фрагмент 19 -> пиксель 23 (кадр 2)
VP1[кадр 2]: Обработка вершины 19
VF1[кадр 2]: Чтение вершины 21
ClockGenerator: Такт 1100, кадр 2, вершин: 18, треугольников: 6
FB[кадр 2]: Получен пиксель 23 (всего в кадре: 24)
ROP0: Фрагмент 18 -> пиксель 24 (кадр 2)
Rast: Создан фрагмент 21 для треугольника 4
Rast: Создан фрагмент 22 для треугольника 4
ROP0[кадр 2]: Обработка фрагмента 20
FB[кадр 2]: Получен пиксель 24 (всего в кадре: 25)
TMU1[кадр 2]: Текстурирование фрагмента 21
TMU0[кадр 2]: Текстурирование фрагмента 22
Rast: Создан фрагмент 23 для треугольника 4
PP1[кадр 2]: Шейдирование фрагмента 21
TMU1[кадр 2]: Текстурирование фрагмента 23
Rast: Создан фрагмент 24 для треугольника 4
PA[кадр 2]: Треугольник 5 создан из вершин 15,16,18
VP0: Вершина 17 обработана (x=76, y=23)
VF1: Вершина 21 отправлена на обработку
CPU[кадр 2]: Отправлена вершина 24
TMU0[кадр 2]: Текстурирование фрагмента 24
Rast[кадр 2]: Растеризация треугольника 5
PA[кадр 2]: Вершина 17 добавлена в буфер (count=1)
VP1: Вершина 19 обработана (x=92, y=23)
VF0: Вершина 20 отправлена на обработку
CPU[кадр 2]: Отправлена вершина 25
VF0[кадр 2]: Чтение вершины 22
VP0[кадр 2]: Обработка вершины 21
VF1[кадр 2]: Чтение вершины 23
PA[кадр 2]: Вершина 19 добавлена в буфер (count=2)
ROP0: Фрагмент 20 -> пиксель 25 (кадр 2)
VP1[кадр 2]: Обработка вершины 20
ROP1[кадр 2]: Обработка фрагмента 21
PP1[кадр 2]: Шейдирование фрагмента 22
PP0[кадр 2]: Шейдирование фрагмента 23
FB[кадр 2]: Получен пиксель 25 (всего в кадре: 26)
VP0: Вершина 21 обработана (x=28, y=31)
VF1: Вершина 23 отправлена на обработку
CPU[кадр 2]: Отправлена вершина 26
PA[кадр 2]: Вершина 21 добавлена в буфер (count=3)
VP0[кадр 2]: Обработка вершины 23
Rast: Создан фрагмент 25 для треугольника 5
VF1[кадр 2]: Чтение вершины 24
TMU1[кадр 2]: Текстурирование фрагмента 25
ROP1: Фрагмент 21 -> пиксель 26 (кадр 2)
Rast: Создан фрагмент 26 для треугольника 5
FB[кадр 2]: Получен пиксель 26 (всего в кадре: 27)
PP0[кадр 2]: Шейдирование фрагмента 24
TMU0[кадр 2]: Текстурирование фрагмента 26
ROP1[кадр 2]: Обработка фрагмента 23
ROP0[кадр 2]: Обработка фрагмента 22
Rast: Создан фрагмент 27 для треугольника 5
TMU1[кадр 2]: Текстурирование фрагмента 27
PP1[кадр 2]: Шейдирование фрагмента 25
ROP1: Фрагмент 23 -> пиксель 27 (кадр 2)
FB[кадр 2]: Получен пиксель 27 (всего в кадре: 28)
PP1[кадр 2]: Шейдирование фрагмента 27
ROP0: Фрагмент 22 -> пиксель 28 (кадр 2)
Rast: Создан фрагмент 28 для треугольника 5
PA[кадр 2]: Треугольник 6 создан из вершин 17,19,21
VP0: Вершина 23 обработана (x=44, y=31)
VF1: Вершина 24 отправлена на обработку
CPU[кадр 2]: Отправлена вершина 27
ROP1[кадр 2]: Обработка фрагмента 24
ROP0[кадр 2]: Обработка фрагмента 25
Rast[кадр 2]: Растеризация треугольника 6
FB[кадр 2]: Получен пиксель 28 (всего в кадре: 29)
VP0[кадр 2]: Обработка вершины 24
TMU0[кадр 2]: Текстурирование фрагмента 28
VF1[кадр 2]: Чтение вершины 25
ROP1: Фрагмент 24 -> пиксель 29 (кадр 2)
FB[кадр 2]: Получен пиксель 29 (всего в кадре: 30)
PA[кадр 2]: Вершина 23 добавлена в буфер (count=1)
ROP1[кадр 2]: Обработка фрагмента 27
PP0[кадр 2]: Шейдирование фрагмента 26
FB: Кадр 2 завершен, пикселей: 30
VP1: Вершина 20 обработана (x=20, y=31)
VF0: Вершина 22 отправлена на обработку
CPU[кадр 2]: Отправлена вершина 28
VP1[кадр 2]: Обработка вершины 22
ROP0: Фрагмент 25 -> пиксель 30 (кадр 2)
VF0[кадр 2]: Чтение вершины 26
PA[кадр 2]: Вершина 20 добавлена в буфер (count=2)
VP1: Вершина 22 обработана (x=36, y=31)
ROP1: Фрагмент 27 -> пиксель 31 (кадр 2)
VF1: Вершина 25 отправлена на обработку
CPU[кадр 2]: Отправлена вершина 29
Rast: Создан фрагмент 29 для треугольника 6
CPU: Все 30 вершин отправлены для кадра 2
CPU: Кадр 2 успешно завершен
VF1[кадр 2]: Чтение вершины 27
TMU1[кадр 2]: Текстурирование фрагмента 29
PA[кадр 2]: Вершина 22 добавлена в буфер (count=3)
VP1[кадр 2]: Обработка вершины 25
Rast: Создан фрагмент 30 для треугольника 6

CPU: Подготовка кадра 3
CPU: Начало кадра 3
PP0: Переключение на кадр 3
PP1: Переключение на кадр 3
TMU0: Переключение на кадр 3
FB: Начало записи кадра 3
ROP0: Переключение на кадр 3, сброс Z-буфера
PP1[кадр 3]: Шейдирование фрагмента 28
TMU0[кадр 3]: Текстурирование фрагмента 30
FB[кадр 3]: Получен пиксель 30 (всего в кадре: 1)
FB[кадр 3]: Получен пиксель 31 (всего в кадре: 2)
PP0[кадр 3]: Шейдирование фрагмента 29
ROP1: Переключение на кадр 3, сброс Z-буфера
Rast: Создан фрагмент 0 для треугольника 6
TMU0[кадр 3]: Текстурирование фрагмента 0
Rast: Создан фрагмент 1 для треугольника 6
TMU1: Переключение на кадр 3
Rast: Переключение на кадр 3
PA[кадр 3]: Треугольник 0 создан из вершин 23,20,22
VP1: Вершина 25 обработана (x=5, y=2)
VF1: Вершина 27 отправлена на обработку
PA: Переключение на кадр 3
CPU[кадр 3]: Отправлена вершина 0
VP1: Переключение на кадр 3
VF1: Начинает работу над кадром 3
CPU[кадр 3]: Отправлена вершина 1
PA: ОШИБКА! Вершина 25 не обработана
Rast[кадр 3]: Растеризация треугольника 0
VP0: Вершина 24 обработана (x=4, y=2)
VF0: Вершина 26 отправлена на обработку
PP0[кадр 3]: Шейдирование фрагмента 30
VP0: Переключение на кадр 3
CPU[кадр 3]: Отправлена вершина 2
VF0: Начинает работу над кадром 3
VF1[кадр 3]: Чтение вершины 28
CPU[кадр 3]: Отправлена вершина 3
VP0[кадр 3]: Обработка вершины 27
TMU1[кадр 3]: Текстурирование фрагмента 1
PA: ОШИБКА! Вершина 24 не обработана
VP1[кадр 3]: Обработка вершины 26
VF0[кадр 3]: Чтение вершины 29
VP0: Вершина 27 обработана (x=76, y=31)
VF1: Вершина 28 отправлена на обработку
CPU[кадр 3]: Отправлена вершина 4
VP0[кадр 3]: Обработка вершины 28
VF1[кадр 3]: Чтение вершины 0
PA[кадр 3]: Вершина 27 добавлена в буфер (count=1)
VP1: Вершина 26 обработана (x=68, y=31)
VF0: Вершина 29 отправлена на обработку
CPU[кадр 3]: Отправлена вершина 5
VF0[кадр 3]: Чтение вершины 1
PA[кадр 3]: Вершина 26 добавлена в буфер (count=2)
VP0: Вершина 28 обработана (x=84, y=31)
VF0: Вершина 1 отправлена на обработку
VP1[кадр 3]: Обработка вершины 29
CPU[кадр 3]: Отправлена вершина 6
VP0[кадр 3]: Обработка вершины 1
VF0[кадр 3]: Чтение вершины 2
PA[кадр 3]: Вершина 28 добавлена в буфер (count=3)
ClockGenerator: Такт 1200, кадр 3, вершин: 5, треугольников: 1
ClockGenerator: Такт 1300, кадр 3, вершин: 5, треугольников: 1
ClockGenerator: Такт 1400, кадр 3, вершин: 5, треугольников: 1
ClockGenerator: Такт 1500, кадр 3, вершин: 5, треугольников: 1
ROP0[кадр 3]: Обработка фрагмента 26
ROP0: Фрагмент 26 -> пиксель 0 (кадр 3)
PP1[кадр 3]: Шейдирование фрагмента 1
ROP0[кадр 3]: Обработка фрагмента 29
FB[кадр 3]: Получен пиксель 0 (всего в кадре: 3)
ROP0: Фрагмент 29 -> пиксель 1 (кадр 3)
Rast: Создан фрагмент 2 для треугольника 0
Rast: Создан фрагмент 3 для треугольника 0
ROP0[кадр 3]: Обработка фрагмента 28
PP0[кадр 3]: Шейдирование фрагмента 0
TMU1[кадр 3]: Текстурирование фрагмента 3
TMU0[кадр 3]: Текстурирование фрагмента 2
FB[кадр 3]: Получен пиксель 1 (всего в кадре: 4)
spin: gpu55.pml:649, Error: value (270->14 (8)) truncated in assignment
ROP0: Фрагмент 28 -> пиксель 2 (кадр 3)
FB[кадр 3]: Получен пиксель 2 (всего в кадре: 5)
ROP1[кадр 3]: Обработка фрагмента 30
Rast: Создан фрагмент 4 для треугольника 0
ROP1: Фрагмент 30 -> пиксель 3 (кадр 3)
Rast: Создан фрагмент 5 для треугольника 0
PA[кадр 3]: Треугольник 1 создан из вершин 27,26,28
ROP1[кадр 3]: Обработка фрагмента 0
FB[кадр 3]: Получен пиксель 3 (всего в кадре: 6)
Rast[кадр 3]: Растеризация треугольника 1
VP1: Вершина 29 обработана (x=92, y=31)
VF1: Вершина 0 отправлена на обработку
CPU[кадр 3]: Отправлена вершина 7
VP1[кадр 3]: Обработка вершины 0
TMU1[кадр 3]: Текстурирование фрагмента 4
PA[кадр 3]: Вершина 29 добавлена в буфер (count=1)
VP0: Вершина 1 обработана (x=28, y=15)
VF0: Вершина 2 отправлена на обработку
VF1[кадр 3]: Чтение вершины 3
CPU[кадр 3]: Отправлена вершина 8
VP0[кадр 3]: Обработка вершины 2
ROP0[кадр 3]: Обработка фрагмента 1
TMU0[кадр 3]: Текстурирование фрагмента 5
VF0[кадр 3]: Чтение вершины 4
PA[кадр 3]: Вершина 1 добавлена в буфер (count=2)
ROP1: Фрагмент 0 -> пиксель 4 (кадр 3)
ROP0: Фрагмент 1 -> пиксель 5 (кадр 3)
PP0[кадр 3]: Шейдирование фрагмента 2
FB[кадр 3]: Получен пиксель 4 (всего в кадре: 7)
FB[кадр 3]: Получен пиксель 5 (всего в кадре: 8)
VP0: Вершина 2 обработана (x=36, y=15)
VF0: Вершина 4 отправлена на обработку
CPU[кадр 3]: Отправлена вершина 9
VF0[кадр 3]: Чтение вершины 5
spin: gpu55.pml:649, Error: value (270->14 (8)) truncated in assignment
PP0[кадр 3]: Шейдирование фрагмента 3
VP0[кадр 3]: Обработка вершины 4
ROP0[кадр 3]: Обработка фрагмента 2
PP1[кадр 3]: Шейдирование фрагмента 4
PA[кадр 3]: Вершина 2 добавлена в буфер (count=3)
ROP0: Фрагмент 2 -> пиксель 6 (кадр 3)
FB[кадр 3]: Получен пиксель 6 (всего в кадре: 9)
spin: gpu55.pml:649, Error: value (270->14 (8)) truncated in assignment
spin: gpu55.pml:649, Error: value (270->14 (8)) truncated in assignment
Rast: Создан фрагмент 6 для треугольника 1
Rast: Создан фрагмент 7 для треугольника 1
TMU0[кадр 3]: Текстурирование фрагмента 6
ROP0[кадр 3]: Обработка фрагмента 4
ROP1[кадр 3]: Обработка фрагмента 3
PP1[кадр 3]: Шейдирование фрагмента 5
Rast: Создан фрагмент 8 для треугольника 1
ROP0: Фрагмент 4 -> пиксель 7 (кадр 3)
TMU0[кадр 3]: Текстурирование фрагмента 7
FB[кадр 3]: Получен пиксель 7 (всего в кадре: 10)
PP0[кадр 3]: Шейдирование фрагмента 6
TMU1[кадр 3]: Текстурирование фрагмента 8
ROP1: Фрагмент 3 -> пиксель 8 (кадр 3)
spin: gpu55.pml:649, Error: value (270->14 (8)) truncated in assignment
FB[кадр 3]: Получен пиксель 8 (всего в кадре: 11)
PP1[кадр 3]: Шейдирование фрагмента 7
spin: gpu55.pml:649, Error: value (270->14 (8)) truncated in assignment
Rast: Создан фрагмент 9 для треугольника 1
PA[кадр 3]: Треугольник 2 создан из вершин 29,1,2
VP1: Вершина 0 обработана (x=20, y=15)
VF1: Вершина 3 отправлена на обработку
CPU[кадр 3]: Отправлена вершина 10
Rast[кадр 3]: Растеризация треугольника 2
PA[кадр 3]: Вершина 0 добавлена в буфер (count=1)
PP0[кадр 3]: Шейдирование фрагмента 8
VP0: Вершина 4 обработана (x=52, y=15)
VF0: Вершина 5 отправлена на обработку
ROP1[кадр 3]: Обработка фрагмента 5
CPU[кадр 3]: Отправлена вершина 11
VF0[кадр 3]: Чтение вершины 6
VP1[кадр 3]: Обработка вершины 3
PA[кадр 3]: Вершина 4 добавлена в буфер (count=2)
TMU1[кадр 3]: Текстурирование фрагмента 9
ROP1: Фрагмент 5 -> пиксель 9 (кадр 3)
ClockGenerator: Такт 1600, кадр 3, вершин: 10, треугольников: 3
FB[кадр 3]: Получен пиксель 9 (всего в кадре: 12)
ROP0[кадр 3]: Обработка фрагмента 6
VP0[кадр 3]: Обработка вершины 5
VF1[кадр 3]: Чтение вершины 7
VP1: Вершина 3 обработана (x=44, y=15)
VF0: Вершина 6 отправлена на обработку
CPU[кадр 3]: Отправлена вершина 12
Rast: Создан фрагмент 10 для треугольника 2
VF0[кадр 3]: Чтение вершины 8
TMU0[кадр 3]: Текстурирование фрагмента 10
PA[кадр 3]: Вершина 3 добавлена в буфер (count=3)
VP1[кадр 3]: Обработка вершины 6
ROP0: Фрагмент 6 -> пиксель 10 (кадр 3)
FB[кадр 3]: Получен пиксель 10 (всего в кадре: 13)
spin: gpu55.pml:649, Error: value (270->14 (8)) truncated in assignment
ROP0[кадр 3]: Обработка фрагмента 8
PP0[кадр 3]: Шейдирование фрагмента 10
spin: gpu55.pml:649, Error: value (270->14 (8)) truncated in assignment
Rast: Создан фрагмент 11 для треугольника 2
Rast: Создан фрагмент 12 для треугольника 2
ROP1[кадр 3]: Обработка фрагмента 7
PP1[кадр 3]: Шейдирование фрагмента 9
TMU0[кадр 3]: Текстурирование фрагмента 11
TMU1[кадр 3]: Текстурирование фрагмента 12
ROP0: Фрагмент 8 -> пиксель 11 (кадр 3)
FB[кадр 3]: Получен пиксель 11 (всего в кадре: 14)
ROP1: Фрагмент 7 -> пиксель 12 (кадр 3)
spin: gpu55.pml:649, Error: value (270->14 (8)) truncated in assignment
ROP0[кадр 3]: Обработка фрагмента 10
Rast: Создан фрагмент 13 для треугольника 2
PA[кадр 3]: Треугольник 3 создан из вершин 0,4,3
VP1: Вершина 6 обработана (x=68, y=15)
VF1: Вершина 7 отправлена на обработку
PP0[кадр 3]: Шейдирование фрагмента 12
CPU[кадр 3]: Отправлена вершина 13
Rast[кадр 3]: Растеризация треугольника 3
VF1[кадр 3]: Чтение вершины 9
PA[кадр 3]: Вершина 6 добавлена в буфер (count=1)
FB[кадр 3]: Получен пиксель 12 (всего в кадре: 15)
VP0: Вершина 5 обработана (x=60, y=15)
VF0: Вершина 8 отправлена на обработку
CPU[кадр 3]: Отправлена вершина 14
VP1[кадр 3]: Обработка вершины 7
TMU1[кадр 3]: Текстурирование фрагмента 13
VF0[кадр 3]: Чтение вершины 10
PA[кадр 3]: Вершина 5 добавлена в буфер (count=2)
spin: gpu55.pml:649, Error: value (270->14 (8)) truncated in assignment
VP0[кадр 3]: Обработка вершины 8
ROP1[кадр 3]: Обработка фрагмента 9
PP1[кадр 3]: Шейдирование фрагмента 11
ROP0: Фрагмент 10 -> пиксель 13 (кадр 3)
FB[кадр 3]: Получен пиксель 13 (всего в кадре: 16)
spin: gpu55.pml:649, Error: value (270->14 (8)) truncated in assignment
VP1: Вершина 7 обработана (x=76, y=15)
VF0: Вершина 10 отправлена на обработку
CPU[кадр 3]: Отправлена вершина 15
VP1[кадр 3]: Обработка вершины 10
PA[кадр 3]: Вершина 7 добавлена в буфер (count=3)
ROP0[кадр 3]: Обработка фрагмента 12
VF0[кадр 3]: Чтение вершины 11
ROP1: Фрагмент 9 -> пиксель 14 (кадр 3)
Rast: Создан фрагмент 14 для треугольника 3
TMU0[кадр 3]: Текстурирование фрагмента 14
FB[кадр 3]: Получен пиксель 14 (всего в кадре: 17)
ROP0: Фрагмент 12 -> пиксель 15 (кадр 3)
FB[кадр 3]: Получен пиксель 15 (всего в кадре: 18)
spin: gpu55.pml:649, Error: value (270->14 (8)) truncated in assignment
Rast: Создан фрагмент 15 для треугольника 3
Rast: Создан фрагмент 16 для треугольника 3
TMU1[кадр 3]: Текстурирование фрагмента 15
ROP1[кадр 3]: Обработка фрагмента 11
PP1[кадр 3]: Шейдирование фрагмента 14
PP0[кадр 3]: Шейдирование фрагмента 13
TMU0[кадр 3]: Текстурирование фрагмента 16
spin: gpu55.pml:649, Error: value (270->14 (8)) truncated in assignment
spin: gpu55.pml:649, Error: value (270->14 (8)) truncated in assignment
Rast: Создан фрагмент 17 для треугольника 3
PA[кадр 3]: Треугольник 4 создан из вершин 6,5,7
TMU1[кадр 3]: Текстурирование фрагмента 17
VP1: Вершина 10 обработана (x=20, y=23)
ROP0[кадр 3]: Обработка фрагмента 14
VF1: Вершина 9 отправлена на обработку
CPU[кадр 3]: Отправлена вершина 16
VF1[кадр 3]: Чтение вершины 12
VP1[кадр 3]: Обработка вершины 9
Rast[кадр 3]: Растеризация треугольника 4
ROP1: Фрагмент 11 -> пиксель 16 (кадр 3)
PA[кадр 3]: Вершина 10 добавлена в буфер (count=1)
PP1[кадр 3]: Шейдирование фрагмента 15
VP0: Вершина 8 обработана (x=84, y=15)
VF0: Вершина 11 отправлена на обработку
CPU[кадр 3]: Отправлена вершина 17
PP0[кадр 3]: Шейдирование фрагмента 16
VP0[кадр 3]: Обработка вершины 11
VF0[кадр 3]: Чтение вершины 13
FB[кадр 3]: Получен пиксель 16 (всего в кадре: 19)
PA[кадр 3]: Вершина 8 добавлена в буфер (count=2)
ROP1[кадр 3]: Обработка фрагмента 13
VP0: Вершина 11 обработана (x=28, y=23)
ROP1: Фрагмент 13 -> пиксель 17 (кадр 3)
ROP0: Фрагмент 14 -> пиксель 18 (кадр 3)
VF1: Вершина 12 отправлена на обработку
CPU[кадр 3]: Отправлена вершина 18
VP0[кадр 3]: Обработка вершины 12
FB[кадр 3]: Получен пиксель 17 (всего в кадре: 20)
VF1[кадр 3]: Чтение вершины 14
spin: gpu55.pml:649, Error: value (270->14 (8)) truncated in assignment
FB[кадр 3]: Получен пиксель 18 (всего в кадре: 21)
ROP0[кадр 3]: Обработка фрагмента 16
PA[кадр 3]: Вершина 11 добавлена в буфер (count=3)
Rast: Создан фрагмент 18 для треугольника 4
ROP0: Фрагмент 16 -> пиксель 19 (кадр 3)
FB[кадр 3]: Получен пиксель 19 (всего в кадре: 22)
spin: gpu55.pml:649, Error: value (270->14 (8)) truncated in assignment
TMU0[кадр 3]: Текстурирование фрагмента 18
Rast: Создан фрагмент 19 для треугольника 4
PP1[кадр 3]: Шейдирование фрагмента 17
ROP1[кадр 3]: Обработка фрагмента 15
TMU1[кадр 3]: Текстурирование фрагмента 19
Rast: Создан фрагмент 20 для треугольника 4
TMU0[кадр 3]: Текстурирование фрагмента 20
PP0[кадр 3]: Шейдирование фрагмента 18
ROP1: Фрагмент 15 -> пиксель 20 (кадр 3)
FB[кадр 3]: Получен пиксель 20 (всего в кадре: 23)
spin: gpu55.pml:649, Error: value (270->14 (8)) truncated in assignment
Rast: Создан фрагмент 21 для треугольника 4
PA[кадр 3]: Треугольник 5 создан из вершин 10,8,11
VP1: Вершина 9 обработана (x=92, y=15)
VF1: Вершина 14 отправлена на обработку
CPU[кадр 3]: Отправлена вершина 19
spin: gpu55.pml:649, Error: value (270->14 (8)) truncated in assignment
Rast[кадр 3]: Растеризация треугольника 5
ROP1[кадр 3]: Обработка фрагмента 17
VF1[кадр 3]: Чтение вершины 15
PA[кадр 3]: Вершина 9 добавлена в буфер (count=1)
VP0: Вершина 12 обработана (x=36, y=23)
VF0: Вершина 13 отправлена на обработку
CPU[кадр 3]: Отправлена вершина 20
TMU1[кадр 3]: Текстурирование фрагмента 21
VP0[кадр 3]: Обработка вершины 14
PA[кадр 3]: Вершина 12 добавлена в буфер (count=2)
ROP1: Фрагмент 17 -> пиксель 21 (кадр 3)
PP1[кадр 3]: Шейдирование фрагмента 19
ROP0[кадр 3]: Обработка фрагмента 18
VP1[кадр 3]: Обработка вершины 13
VF0[кадр 3]: Чтение вершины 16
PP0[кадр 3]: Шейдирование фрагмента 20
FB[кадр 3]: Получен пиксель 21 (всего в кадре: 24)
Rast: Создан фрагмент 22 для треугольника 5
ROP0: Фрагмент 18 -> пиксель 22 (кадр 3)
TMU0[кадр 3]: Текстурирование фрагмента 22
VP1: Вершина 13 обработана (x=44, y=23)
VF1: Вершина 15 отправлена на обработку
CPU[кадр 3]: Отправлена вершина 21
VF1[кадр 3]: Чтение вершины 17
FB[кадр 3]: Получен пиксель 22 (всего в кадре: 25)
spin: gpu55.pml:649, Error: value (270->14 (8)) truncated in assignment
PP0[кадр 3]: Шейдирование фрагмента 22
VP1[кадр 3]: Обработка вершины 15
PA[кадр 3]: Вершина 13 добавлена в буфер (count=3)
spin: gpu55.pml:649, Error: value (270->14 (8)) truncated in assignment
ROP0[кадр 3]: Обработка фрагмента 20
Rast: Создан фрагмент 23 для треугольника 5
Rast: Создан фрагмент 24 для треугольника 5
PP1[кадр 3]: Шейдирование фрагмента 21
TMU1[кадр 3]: Текстурирование фрагмента 23
TMU0[кадр 3]: Текстурирование фрагмента 24
ROP1[кадр 3]: Обработка фрагмента 19
ROP0: Фрагмент 20 -> пиксель 23 (кадр 3)
FB[кадр 3]: Получен пиксель 23 (всего в кадре: 26)
spin: gpu55.pml:649, Error: value (270->14 (8)) truncated in assignment
ROP0[кадр 3]: Обработка фрагмента 22
ROP1: Фрагмент 19 -> пиксель 24 (кадр 3)
FB[кадр 3]: Получен пиксель 24 (всего в кадре: 27)
spin: gpu55.pml:649, Error: value (270->14 (8)) truncated in assignment
Rast: Создан фрагмент 25 для треугольника 5
PA[кадр 3]: Треугольник 6 создан из вершин 9,12,13
VP1: Вершина 15 обработана (x=60, y=23)
VF1: Вершина 17 отправлена на обработку
CPU[кадр 3]: Отправлена вершина 22
Rast[кадр 3]: Растеризация треугольника 6
PP0[кадр 3]: Шейдирование фрагмента 24
ROP1[кадр 3]: Обработка фрагмента 21
PP1[кадр 3]: Шейдирование фрагмента 23
PA[кадр 3]: Вершина 15 добавлена в буфер (count=1)
ROP0: Фрагмент 22 -> пиксель 25 (кадр 3)
VP0: Вершина 14 обработана (x=52, y=23)
VF0: Вершина 16 отправлена на обработку
VF0[кадр 3]: Чтение вершины 18
CPU[кадр 3]: Отправлена вершина 23
VP0[кадр 3]: Обработка вершины 17
FB[кадр 3]: Получен пиксель 25 (всего в кадре: 28)
ROP1: Фрагмент 21 -> пиксель 26 (кадр 3)
VP1[кадр 3]: Обработка вершины 16
TMU1[кадр 3]: Текстурирование фрагмента 25
VF1[кадр 3]: Чтение вершины 19
PA[кадр 3]: Вершина 14 добавлена в буфер (count=2)
FB[кадр 3]: Получен пиксель 26 (всего в кадре: 29)
spin: gpu55.pml:649, Error: value (270->14 (8)) truncated in assignment
VP0: Вершина 17 обработана (x=76, y=23)
PP1[кадр 3]: Шейдирование фрагмента 25
ROP1[кадр 3]: Обработка фрагмента 23
VF0: Вершина 18 отправлена на обработку
PA[кадр 3]: Вершина 17 добавлена в буфер (count=3)
CPU[кадр 3]: Отправлена вершина 24
Rast: Создан фрагмент 26 для треугольника 6
Rast: Создан фрагмент 27 для треугольника 6
ROP1: Фрагмент 23 -> пиксель 27 (кадр 3)
VP0[кадр 3]: Обработка вершины 18
TMU1[кадр 3]: Текстурирование фрагмента 26
spin: gpu55.pml:649, Error: value (270->14 (8)) truncated in assignment
TMU0[кадр 3]: Текстурирование фрагмента 27
VF0[кадр 3]: Чтение вершины 20
FB[кадр 3]: Получен пиксель 27 (всего в кадре: 30)
FB: Кадр 3 завершен, пикселей: 30
spin: gpu55.pml:649, Error: value (270->14 (8)) truncated in assignment
ROP0[кадр 3]: Обработка фрагмента 24
ROP1[кадр 3]: Обработка фрагмента 25
ClockGenerator: Такт 1700, кадр 3, вершин: 23, треугольников: 7
Rast: Создан фрагмент 28 для треугольника 6
TMU0[кадр 3]: Текстурирование фрагмента 28
ROP0: Фрагмент 24 -> пиксель 28 (кадр 3)
PP1[кадр 3]: Шейдирование фрагмента 27
Rast: Создан фрагмент 29 для треугольника 6
PA[кадр 3]: Треугольник 7 создан из вершин 15,14,17
VP1: Вершина 16 обработана (x=68, y=23)
VF1: Вершина 19 отправлена на обработку
CPU[кадр 3]: Отправлена вершина 25
ROP1: Фрагмент 25 -> пиксель 29 (кадр 3)
TMU1[кадр 3]: Текстурирование фрагмента 29
PP0[кадр 3]: Шейдирование фрагмента 26
VP1[кадр 3]: Обработка вершины 19
VF1[кадр 3]: Чтение вершины 21
spin: gpu55.pml:649, Error: value (270->14 (8)) truncated in assignment
PA[кадр 3]: Вершина 16 добавлена в буфер (count=1)
VP0: Вершина 18 обработана (x=84, y=23)
VF0: Вершина 20 отправлена на обработку
CPU[кадр 3]: Отправлена вершина 26
VF0[кадр 3]: Чтение вершины 22
ROP1[кадр 3]: Обработка фрагмента 27
Rast[кадр 3]: Растеризация треугольника 7
VP0[кадр 3]: Обработка вершины 20
PA[кадр 3]: Вершина 18 добавлена в буфер (count=2)
spin: gpu55.pml:649, Error: value (270->14 (8)) truncated in assignment
PP0[кадр 3]: Шейдирование фрагмента 29
PP1[кадр 3]: Шейдирование фрагмента 28
ROP1: Фрагмент 27 -> пиксель 30 (кадр 3)
ROP0[кадр 3]: Обработка фрагмента 26
spin: gpu55.pml:649, Error: value (270->14 (8)) truncated in assignment
VP1: Вершина 19 обработана (x=92, y=23)
VF1: Вершина 21 отправлена на обработку
CPU[кадр 3]: Отправлена вершина 27
VF1[кадр 3]: Чтение вершины 23
VP1[кадр 3]: Обработка вершины 21
ROP0: Фрагмент 26 -> пиксель 31 (кадр 3)
ROP0[кадр 3]: Обработка фрагмента 28
PA[кадр 3]: Вершина 19 добавлена в буфер (count=3)
Rast: Создан фрагмент 30 для треугольника 7
Rast: Создан фрагмент 31 для треугольника 7
TMU1[кадр 3]: Текстурирование фрагмента 30
TMU0[кадр 3]: Текстурирование фрагмента 31
spin: gpu55.pml:649, Error: value (270->14 (8)) truncated in assignment
Rast: Создан фрагмент 32 для треугольника 7
ROP0: Фрагмент 28 -> пиксель 32 (кадр 3)
TMU0[кадр 3]: Текстурирование фрагмента 32
Rast: Создан фрагмент 33 для треугольника 7
PA[кадр 3]: Треугольник 8 создан из вершин 16,18,19
VP1: Вершина 21 обработана (x=28, y=31)
VF1: Вершина 23 отправлена на обработку
CPU[кадр 3]: Отправлена вершина 28
PP1[кадр 3]: Шейдирование фрагмента 31
TMU1[кадр 3]: Текстурирование фрагмента 33
PA[кадр 3]: Вершина 21 добавлена в буфер (count=1)
VF1[кадр 3]: Чтение вершины 24
VP1[кадр 3]: Обработка вершины 23
VP0: Вершина 20 обработана (x=20, y=31)
VF0: Вершина 22 отправлена на обработку
CPU[кадр 3]: Отправлена вершина 29
CPU: Все 30 вершин отправлены для кадра 3
CPU: Кадр 3 успешно завершен
PP0[кадр 3]: Шейдирование фрагмента 30
ROP1[кадр 3]: Обработка фрагмента 29
Rast[кадр 3]: Растеризация треугольника 8
VF0[кадр 3]: Чтение вершины 25
PA[кадр 3]: Вершина 20 добавлена в буфер (count=2)
VP0[кадр 3]: Обработка вершины 22
ROP1: Фрагмент 29 -> пиксель 0 (кадр 3)
spin: gpu55.pml:649, Error: value (270->14 (8)) truncated in assignment
VP0: Вершина 22 обработана (x=36, y=31)
VF1: Вершина 24 отправлена на обработку
spin: gpu55.pml:649, Error: value (270->14 (8)) truncated in assignment
Rast: Создан фрагмент 0 для треугольника 8
Rast: Создан фрагмент 1 для треугольника 8
CPU: Все 3 кадров завершены
ROP 0: завершен, всего: 49 (passed=49, failed=0)
VertexProcessor 0: завершен, всего вершин: 38
TextureUnit 1: завершен, всего фрагментов: 49
TextureUnit 0: завершен, всего фрагментов: 51
PrimitiveAssembler: завершен, всего треугольников: 26
ROP 1: завершен, всего: 47 (passed=47, failed=0)
PixelProcessor 0: завершен, всего фрагментов: 50
PixelProcessor 1: завершен, всего фрагментов: 48
FrameBuffer: завершен, всего пикселей: 90
